app/build/intermediates/manifest_merge_blame_file/debug/manifest-merger-blame-debug-report.txt
1<?xml version="1.0" encoding="utf-8"?>
2<manifest xmlns:android="http://schemas.android.com/apk/res/android"
3    package="com.example.mobilemall"
4    android:versionCode="1"
5    android:versionName="1.0" >
6
7    <uses-sdk
8        android:minSdkVersion="23"
8-->src\main\AndroidManifest.xml
9        android:targetSdkVersion="30" />
9-->src\main\AndroidManifest.xml
10
11    <uses-permission android:name="android.permission.CAMERA" />
11-->src\main\AndroidManifest.xml:4:5-65
11-->src\main\AndroidManifest.xml:4:22-62
12
13    <queries>
13-->[androidx.camera:camera-extensions:1.0.0-alpha24] AndroidManifest.xml:24:5-28:15
14        <intent>
14-->[androidx.camera:camera-extensions:1.0.0-alpha24] AndroidManifest.xml:25:9-27:18
15            <action android:name="androidx.camera.extensions.action.VENDOR_ACTION" />
15-->[androidx.camera:camera-extensions:1.0.0-alpha24] AndroidManifest.xml:26:13-86
15-->[androidx.camera:camera-extensions:1.0.0-alpha24] AndroidManifest.xml:26:21-83
16        </intent>
17    </queries>
18
19    <application
19-->src\main\AndroidManifest.xml:5:5-42:19
20        android:name="com.example.mobilemall.MallApplication"
20-->src\main\AndroidManifest.xml:6:9-40
21        android:allowBackup="true"
21-->src\main\AndroidManifest.xml:7:9-35
22        android:appComponentFactory="androidx.core.app.CoreComponentFactory"
22-->[androidx.core:core:1.6.0-beta01] AndroidManifest.xml:24:18-86
23        android:debuggable="true"
24        android:extractNativeLibs="false"
25        android:icon="@drawable/app_launcer_icon"
25-->src\main\AndroidManifest.xml:8:9-50
26        android:label="@string/app_name"
26-->src\main\AndroidManifest.xml:9:9-41
27        android:supportsRtl="true"
27-->src\main\AndroidManifest.xml:10:9-35
28        android:testOnly="true"
29        android:theme="@style/Theme.AndroidMall" >
29-->src\main\AndroidManifest.xml:11:9-49
30        <activity
30-->src\main\AndroidManifest.xml:12:9-16:52
31            android:name="com.example.mobilemall.ui.activity.LoginActivity"
31-->src\main\AndroidManifest.xml:13:13-54
32            android:icon="@drawable/app_launcer_icon"
32-->src\main\AndroidManifest.xml:14:13-54
33            android:label="@string/app_name"
33-->src\main\AndroidManifest.xml:15:13-45
34            android:screenOrientation="portrait" />
34-->src\main\AndroidManifest.xml:16:13-49
35        <activity
35-->src\main\AndroidManifest.xml:17:9-21:52
36            android:name="com.example.mobilemall.ui.activity.MainActivity"
36-->src\main\AndroidManifest.xml:18:13-53
37            android:icon="@drawable/app_launcer_icon"
37-->src\main\AndroidManifest.xml:19:13-54
38            android:label="@string/app_name"
38-->src\main\AndroidManifest.xml:20:13-45
39            android:screenOrientation="portrait" />
39-->src\main\AndroidManifest.xml:21:13-49
40        <activity
40-->src\main\AndroidManifest.xml:22:9-26:52
41            android:name="com.example.mobilemall.ui.activity.ItemDetailActivity"
41-->src\main\AndroidManifest.xml:23:13-59
42            android:icon="@drawable/app_launcer_icon"
42-->src\main\AndroidManifest.xml:24:13-54
43            android:label="@string/app_name"
43-->src\main\AndroidManifest.xml:25:13-45
44            android:screenOrientation="portrait" />
44-->src\main\AndroidManifest.xml:26:13-49
45        <activity
45-->src\main\AndroidManifest.xml:27:9-31:52
46            android:name="com.example.mobilemall.ui.activity.RegisterActivity"
46-->src\main\AndroidManifest.xml:28:13-57
47            android:icon="@drawable/app_launcer_icon"
47-->src\main\AndroidManifest.xml:29:13-54
48            android:label="@string/app_name"
48-->src\main\AndroidManifest.xml:30:13-45
49            android:screenOrientation="portrait" />
49-->src\main\AndroidManifest.xml:31:13-49
50        <activity
50-->src\main\AndroidManifest.xml:32:9-41:20
51            android:name="com.example.mobilemall.ui.activity.FirstActivity"
51-->src\main\AndroidManifest.xml:33:13-54
52            android:icon="@drawable/app_launcer_icon"
52-->src\main\AndroidManifest.xml:34:13-54
53            android:label="@string/app_name"
53-->src\main\AndroidManifest.xml:35:13-45
54            android:screenOrientation="portrait" >
54-->src\main\AndroidManifest.xml:36:13-49
55            <intent-filter>
55-->src\main\AndroidManifest.xml:37:13-40:29
56                <action android:name="android.intent.action.MAIN" />
56-->src\main\AndroidManifest.xml:38:17-69
56-->src\main\AndroidManifest.xml:38:25-66
57
58                <category android:name="android.intent.category.LAUNCHER" />
58-->src\main\AndroidManifest.xml:39:17-77
58-->src\main\AndroidManifest.xml:39:27-74
59            </intent-filter>
60        </activity>
61
62        <service
62-->[androidx.room:room-runtime:2.2.5] AndroidManifest.xml:25:9-28:40
63            android:name="androidx.room.MultiInstanceInvalidationService"
63-->[androidx.room:room-runtime:2.2.5] AndroidManifest.xml:26:13-74
64            android:directBootAware="true"
64-->[androidx.room:room-runtime:2.2.5] AndroidManifest.xml:27:13-43
65            android:exported="false" />
65-->[androidx.room:room-runtime:2.2.5] AndroidManifest.xml:28:13-37
66
67        <uses-library
67-->[androidx.camera:camera-extensions:1.0.0-alpha24] AndroidManifest.xml:31:9-33:40
68            android:name="androidx.camera.extensions.impl"
68-->[androidx.camera:camera-extensions:1.0.0-alpha24] AndroidManifest.xml:32:13-59
69            android:required="false" />
69-->[androidx.camera:camera-extensions:1.0.0-alpha24] AndroidManifest.xml:33:13-37
70    </application>
71
72</manifest>